<?xml version="1.0" encoding="UTF-8"?>
<!-- Generated by org.testng.reporters.JUnitReportReporter -->
<testsuite hostname="DESKTOP-1Q7KUDM" name="Negative.ActiNE" tests="1" failures="0" timestamp="9 Apr 2018 12:47:35 GMT" time="42.032" errors="0">
  <testcase name="login" time="42.032" classname="Negative.ActiNE"/>
</testsuite> <!-- Negative.ActiNE -->
