<?xml version="1.0" encoding="UTF-8"?>
<!-- Generated by org.testng.reporters.JUnitReportReporter -->
<testsuite hostname="DESKTOP-1Q7KUDM" name="BeforeAfter.Check" tests="1" failures="0" timestamp="19 Sep 2017 17:54:06 GMT" time="0.005" errors="0">
  <testcase name="FisrTest" time="0.005" classname="BeforeAfter.Check"/>
</testsuite> <!-- BeforeAfter.Check -->
